<?xml version="1.0" encoding="UTF-8"?>
<!-- Generated by org.testng.reporters.JUnitReportReporter -->
<testsuite hostname="hp" failures="0" tests="1" name="selenium.selenium.AppTest" time="4.899" errors="0" timestamp="2024-07-08T23:29:18 AST" skipped="0">
  <testcase classname="selenium.selenium.AppTest" name="testGoogleSearch" time="4.899"/>
  <system-out/>
</testsuite> <!-- selenium.selenium.AppTest -->
